<?xml version="1.0" encoding="UTF-8"?>
<!-- Generated by org.testng.reporters.JUnitReportReporter -->
<testsuite hostname="DESKTOP-IOFSSG5" failures="0" tests="1" name="com.orangehrm.testcase.TC_LoginTest_001" time="22.359" errors="0" timestamp="2023-04-12T09:51:10 IST" skipped="0">
  <testcase classname="com.orangehrm.testcase.TC_LoginTest_001" name="loginTest" time="22.359"/>
  <system-out/>
</testsuite> <!-- com.orangehrm.testcase.TC_LoginTest_001 -->
